<?xml version="1.0" encoding="UTF-8"?>
<testng-results ignored="0" total="1" passed="1" failed="0" skipped="0">
  <reporter-output>
  </reporter-output>
  <suite started-at="2024-05-01T11:50:42 IST" name="Default suite" finished-at="2024-05-01T11:50:43 IST" duration-ms="1212">
    <groups>
    </groups>
    <test started-at="2024-05-01T11:50:42 IST" name="Default test" finished-at="2024-05-01T11:50:43 IST" duration-ms="1212">
      <class name="commerce.Florida">
        <test-method signature="get()[pri:0, instance:commerce.Florida@65fb9ffc]" started-at="2024-05-01T11:50:43 IST" name="get" finished-at="2024-05-01T11:50:43 IST" duration-ms="199" status="PASS">
          <reporter-output>
          </reporter-output>
        </test-method> <!-- get -->
      </class> <!-- commerce.Florida -->
    </test> <!-- Default test -->
  </suite> <!-- Default suite -->
</testng-results>
